<?xml version="1.0" encoding="UTF-8"?>
<testng-results skipped="0" failed="0" ignored="0" total="4" passed="4">
  <reporter-output>
  </reporter-output>
  <suite name="Regression Test" duration-ms="34052" started-at="2020-05-05T00:40:46Z" finished-at="2020-05-05T00:41:20Z">
    <groups>
    </groups>
    <test name="insta test data - 1" duration-ms="8955" started-at="2020-05-05T00:40:46Z" finished-at="2020-05-05T00:40:55Z">
      <class name="scripts.instragramTest">
        <test-method status="PASS" signature="beforeTest()[pri:0, instance:scripts.instragramTest@5d5eef3d]" name="beforeTest" is-config="true" duration-ms="7001" started-at="2020-05-04T20:40:46Z" finished-at="2020-05-04T20:40:53Z">
          <reporter-output>
          </reporter-output>
        </test-method> <!-- beforeTest -->
        <test-method status="PASS" signature="instaSignup(java.lang.String, java.lang.String, java.lang.String, java.lang.String)[pri:0, instance:scripts.instragramTest@5d5eef3d]" name="instaSignup" duration-ms="942" started-at="2020-05-04T20:40:53Z" finished-at="2020-05-04T20:40:54Z">
          <params>
            <param index="0">
              <value>
                <![CDATA[43232432]]>
              </value>
            </param>
            <param index="1">
              <value>
                <![CDATA[Mike jordan]]>
              </value>
            </param>
            <param index="2">
              <value>
                <![CDATA[mike.jordan]]>
              </value>
            </param>
            <param index="3">
              <value>
                <![CDATA[dfas++]]>
              </value>
            </param>
          </params>
          <reporter-output>
          </reporter-output>
        </test-method> <!-- instaSignup -->
        <test-method status="PASS" signature="afterTest()[pri:0, instance:scripts.instragramTest@5d5eef3d]" name="afterTest" is-config="true" duration-ms="983" started-at="2020-05-04T20:40:54Z" finished-at="2020-05-04T20:40:55Z">
          <reporter-output>
          </reporter-output>
        </test-method> <!-- afterTest -->
      </class> <!-- scripts.instragramTest -->
    </test> <!-- insta test data - 1 -->
    <test name="insta test data - 2" duration-ms="8540" started-at="2020-05-05T00:40:55Z" finished-at="2020-05-05T00:41:04Z">
      <class name="scripts.instragramTest">
        <test-method status="PASS" signature="beforeTest()[pri:0, instance:scripts.instragramTest@68be2bc2]" name="beforeTest" is-config="true" duration-ms="6201" started-at="2020-05-04T20:40:55Z" finished-at="2020-05-04T20:41:02Z">
          <reporter-output>
          </reporter-output>
        </test-method> <!-- beforeTest -->
        <test-method status="PASS" signature="instaSignup(java.lang.String, java.lang.String, java.lang.String, java.lang.String)[pri:0, instance:scripts.instragramTest@68be2bc2]" name="instaSignup" duration-ms="978" started-at="2020-05-04T20:41:02Z" finished-at="2020-05-04T20:41:03Z">
          <params>
            <param index="0">
              <value>
                <![CDATA[432365]]>
              </value>
            </param>
            <param index="1">
              <value>
                <![CDATA[bob vance]]>
              </value>
            </param>
            <param index="2">
              <value>
                <![CDATA[bob.vance]]>
              </value>
            </param>
            <param index="3">
              <value>
                <![CDATA[dfas++]]>
              </value>
            </param>
          </params>
          <reporter-output>
          </reporter-output>
        </test-method> <!-- instaSignup -->
        <test-method status="PASS" signature="afterTest()[pri:0, instance:scripts.instragramTest@68be2bc2]" name="afterTest" is-config="true" duration-ms="1358" started-at="2020-05-04T20:41:03Z" finished-at="2020-05-04T20:41:04Z">
          <reporter-output>
          </reporter-output>
        </test-method> <!-- afterTest -->
      </class> <!-- scripts.instragramTest -->
    </test> <!-- insta test data - 2 -->
    <test name="insta test data - 3" duration-ms="7857" started-at="2020-05-05T00:41:04Z" finished-at="2020-05-05T00:41:12Z">
      <class name="scripts.instragramTest">
        <test-method status="PASS" signature="beforeTest()[pri:0, instance:scripts.instragramTest@7823a2f9]" name="beforeTest" is-config="true" duration-ms="6090" started-at="2020-05-04T20:41:04Z" finished-at="2020-05-04T20:41:10Z">
          <reporter-output>
          </reporter-output>
        </test-method> <!-- beforeTest -->
        <test-method status="PASS" signature="instaSignup(java.lang.String, java.lang.String, java.lang.String, java.lang.String)[pri:0, instance:scripts.instragramTest@7823a2f9]" name="instaSignup" duration-ms="927" started-at="2020-05-04T20:41:10Z" finished-at="2020-05-04T20:41:11Z">
          <params>
            <param index="0">
              <value>
                <![CDATA[123457]]>
              </value>
            </param>
            <param index="1">
              <value>
                <![CDATA[josh randor]]>
              </value>
            </param>
            <param index="2">
              <value>
                <![CDATA[josh.ran]]>
              </value>
            </param>
            <param index="3">
              <value>
                <![CDATA[dfas++]]>
              </value>
            </param>
          </params>
          <reporter-output>
          </reporter-output>
        </test-method> <!-- instaSignup -->
        <test-method status="PASS" signature="afterTest()[pri:0, instance:scripts.instragramTest@7823a2f9]" name="afterTest" is-config="true" duration-ms="837" started-at="2020-05-04T20:41:11Z" finished-at="2020-05-04T20:41:12Z">
          <reporter-output>
          </reporter-output>
        </test-method> <!-- afterTest -->
      </class> <!-- scripts.instragramTest -->
    </test> <!-- insta test data - 3 -->
    <test name="insta test data - 4" duration-ms="8643" started-at="2020-05-05T00:41:12Z" finished-at="2020-05-05T00:41:20Z">
      <class name="scripts.instragramTest">
        <test-method status="PASS" signature="beforeTest()[pri:0, instance:scripts.instragramTest@6767c1fc]" name="beforeTest" is-config="true" duration-ms="6679" started-at="2020-05-04T20:41:12Z" finished-at="2020-05-04T20:41:19Z">
          <reporter-output>
          </reporter-output>
        </test-method> <!-- beforeTest -->
        <test-method status="PASS" signature="instaSignup(java.lang.String, java.lang.String, java.lang.String, java.lang.String)[pri:0, instance:scripts.instragramTest@6767c1fc]" name="instaSignup" duration-ms="1050" started-at="2020-05-04T20:41:19Z" finished-at="2020-05-04T20:41:20Z">
          <params>
            <param index="0">
              <value>
                <![CDATA[123657]]>
              </value>
            </param>
            <param index="1">
              <value>
                <![CDATA[mike mclinton]]>
              </value>
            </param>
            <param index="2">
              <value>
                <![CDATA[mike.mc]]>
              </value>
            </param>
            <param index="3">
              <value>
                <![CDATA[sfdlkj123]]>
              </value>
            </param>
          </params>
          <reporter-output>
          </reporter-output>
        </test-method> <!-- instaSignup -->
        <test-method status="PASS" signature="afterTest()[pri:0, instance:scripts.instragramTest@6767c1fc]" name="afterTest" is-config="true" duration-ms="911" started-at="2020-05-04T20:41:20Z" finished-at="2020-05-04T20:41:20Z">
          <reporter-output>
          </reporter-output>
        </test-method> <!-- afterTest -->
      </class> <!-- scripts.instragramTest -->
    </test> <!-- insta test data - 4 -->
  </suite> <!-- Regression Test -->
</testng-results>
