<?xml version="1.0" encoding="UTF-8"?>
<!-- Generated by org.testng.reporters.JUnitXMLReporter -->
<testsuite hostname="Razin-Anik" ignored="1" name="Default test" tests="2" failures="0" timestamp="18 May 2020 23:01:49 GMT" time="0.049" errors="0">
  <testcase name="ctest" time="0.007" classname="scripts.codeRun"/>
  <testcase name="btest" time="0.001" classname="scripts.codeRun"/>
  <testcase name="atest" time="0.0" classname="scripts.codeRun">
    <ignored/>
  </testcase> <!-- atest -->
</testsuite> <!-- Default test -->
