<?xml version="1.0" encoding="UTF-8"?>
<testng-results skipped="0" failed="0" ignored="1" total="3" passed="2">
  <reporter-output>
  </reporter-output>
  <suite name="Default suite" duration-ms="49" started-at="2020-05-18T23:01:49Z" finished-at="2020-05-18T23:01:49Z">
    <groups>
    </groups>
    <test name="Default test" duration-ms="49" started-at="2020-05-18T23:01:49Z" finished-at="2020-05-18T23:01:49Z">
      <class name="scripts.codeRun">
        <test-method status="PASS" signature="beforetest()[pri:0, instance:scripts.codeRun@525f1e4e]" name="beforetest" is-config="true" duration-ms="12" started-at="2020-05-18T19:01:49Z" finished-at="2020-05-18T19:01:49Z">
          <reporter-output>
          </reporter-output>
        </test-method> <!-- beforetest -->
        <test-method status="PASS" signature="beforemethod()[pri:0, instance:scripts.codeRun@525f1e4e]" name="beforemethod" is-config="true" duration-ms="1" started-at="2020-05-18T19:01:49Z" finished-at="2020-05-18T19:01:49Z">
          <reporter-output>
          </reporter-output>
        </test-method> <!-- beforemethod -->
        <test-method status="PASS" signature="ctest()[pri:0, instance:scripts.codeRun@525f1e4e]" name="ctest" duration-ms="7" started-at="2020-05-18T19:01:49Z" finished-at="2020-05-18T19:01:49Z">
          <reporter-output>
          </reporter-output>
        </test-method> <!-- ctest -->
        <test-method status="PASS" signature="aftermethod()[pri:0, instance:scripts.codeRun@525f1e4e]" name="aftermethod" is-config="true" duration-ms="0" started-at="2020-05-18T19:01:49Z" finished-at="2020-05-18T19:01:49Z">
          <reporter-output>
          </reporter-output>
        </test-method> <!-- aftermethod -->
        <test-method status="PASS" signature="beforemethod()[pri:0, instance:scripts.codeRun@525f1e4e]" name="beforemethod" is-config="true" duration-ms="0" started-at="2020-05-18T19:01:49Z" finished-at="2020-05-18T19:01:49Z">
          <reporter-output>
          </reporter-output>
        </test-method> <!-- beforemethod -->
        <test-method status="PASS" signature="btest()[pri:0, instance:scripts.codeRun@525f1e4e]" name="btest" duration-ms="1" started-at="2020-05-18T19:01:49Z" depends-on-methods="scripts.codeRun.ctest" finished-at="2020-05-18T19:01:49Z">
          <reporter-output>
          </reporter-output>
        </test-method> <!-- btest -->
        <test-method status="PASS" signature="aftermethod()[pri:0, instance:scripts.codeRun@525f1e4e]" name="aftermethod" is-config="true" duration-ms="0" started-at="2020-05-18T19:01:49Z" finished-at="2020-05-18T19:01:49Z">
          <reporter-output>
          </reporter-output>
        </test-method> <!-- aftermethod -->
        <test-method status="PASS" signature="aftertest()[pri:0, instance:scripts.codeRun@525f1e4e]" name="aftertest" is-config="true" duration-ms="0" started-at="2020-05-18T19:01:49Z" finished-at="2020-05-18T19:01:49Z">
          <reporter-output>
          </reporter-output>
        </test-method> <!-- aftertest -->
      </class> <!-- scripts.codeRun -->
    </test> <!-- Default test -->
  </suite> <!-- Default suite -->
</testng-results>
